

*******************************************************************************
Tue Feb  9 16:40:43 2021


FIT:    data read from "puntos.txt"
        format = z
        #datapoints = 50
        residuals are weighted equally (unit weight)

function used for fitting: a*sin(w*x+c)
fitted parameters initialized with current variable values

Warning: Initial value of parameter 'c' is zero.
iter      chisq       delta/lim  lambda   a             w             c            
   0 7.5617839107e+01   0.00e+00  6.19e+01    2.500000e+00   6.283185e+01   1.000000e-30
BREAK: Singular matrix in Invert_RtR

*******************************************************************************
Tue Feb  9 16:40:57 2021


FIT:    data read from "puntos.txt"
        format = z
        #datapoints = 50
        residuals are weighted equally (unit weight)

function used for fitting: a*sin(w*x+c)
fitted parameters initialized with current variable values

iter      chisq       delta/lim  lambda   w            
   0 3.1313671323e+01   0.00e+00  8.91e+01    6.339875e+01
   1 3.1313671323e+01  -1.59e-10  8.91e+05    6.339875e+01

After 1 iterations the fit converged.
final sum of squares of residuals : 31.3137
rel. change during last iteration : -1.58838e-15

degrees of freedom    (FIT_NDF)                        : 49
rms of residuals      (FIT_STDFIT) = sqrt(WSSR/ndf)    : 0.799409
variance of residuals (reduced chisquare) = WSSR/ndf   : 0.639055

Final set of parameters            Asymptotic Standard Error
=======================            ==========================
w               = 63.3987          +/- 0.08043      (0.1269%)


*******************************************************************************
Tue Feb  9 16:41:05 2021


FIT:    data read from "puntos.txt"
        format = z
        #datapoints = 50
        residuals are weighted equally (unit weight)

function used for fitting: a*sin(w*x+c)
fitted parameters initialized with current variable values

iter      chisq       delta/lim  lambda   w             a            
   0 3.1313671323e+01   0.00e+00  6.30e+01    6.339875e+01   2.081506e+00
   1 3.1313671323e+01   0.00e+00  6.30e+06    6.339875e+01   2.081506e+00

After 1 iterations the fit converged.
final sum of squares of residuals : 31.3137
rel. change during last iteration : 0

degrees of freedom    (FIT_NDF)                        : 48
rms of residuals      (FIT_STDFIT) = sqrt(WSSR/ndf)    : 0.807693
variance of residuals (reduced chisquare) = WSSR/ndf   : 0.652368

Final set of parameters            Asymptotic Standard Error
=======================            ==========================
w               = 63.3987          +/- 0.0813       (0.1282%)
a               = 2.08151          +/- 0.1621       (7.786%)

correlation matrix of the fit parameters:
                w      a      
w               1.000 
a               0.030  1.000 


*******************************************************************************
Tue Feb  9 16:41:11 2021


FIT:    data read from "puntos.txt"
        format = z
        #datapoints = 50
        residuals are weighted equally (unit weight)

function used for fitting: a*sin(w*x+c)
fitted parameters initialized with current variable values

iter      chisq       delta/lim  lambda   w             a             c            
   0 3.1313671323e+01   0.00e+00  5.15e+01    6.339875e+01   2.081506e+00   1.001000e-30
BREAK: Singular matrix in Invert_RtR

*******************************************************************************
Tue Feb  9 16:41:56 2021


FIT:    data read from "puntos.txt"
        format = z
        x range restricted to [-0.157622 : 0.500734]
        #datapoints = 15
        residuals are weighted equally (unit weight)

function used for fitting: a*cos(w*x+c)
fitted parameters initialized with current variable values

iter      chisq       delta/lim  lambda   w             a            
   0 4.9401455268e+01   0.00e+00  1.94e+01    6.339875e+01   2.081506e+00
   4 1.0900291405e+01  -4.00e-03  1.94e-03    5.950336e+01   2.031176e+00

After 4 iterations the fit converged.
final sum of squares of residuals : 10.9003
rel. change during last iteration : -4.00112e-08

degrees of freedom    (FIT_NDF)                        : 13
rms of residuals      (FIT_STDFIT) = sqrt(WSSR/ndf)    : 0.915688
variance of residuals (reduced chisquare) = WSSR/ndf   : 0.838484

Final set of parameters            Asymptotic Standard Error
=======================            ==========================
w               = 59.5034          +/- 0.6194       (1.041%)
a               = 2.03118          +/- 0.3254       (16.02%)

correlation matrix of the fit parameters:
                w      a      
w               1.000 
a               0.048  1.000 


*******************************************************************************
Tue Feb  9 16:42:11 2021


FIT:    data read from "puntos.txt"
        format = z
        #datapoints = 50
        residuals are weighted equally (unit weight)

function used for fitting: a*cos(w*x+c)
fitted parameters initialized with current variable values

iter      chisq       delta/lim  lambda   w             a             c            
   0 2.4928125706e+02   0.00e+00  4.72e+01    5.950336e+01   2.031176e+00   1.002001e-30
BREAK: Singular matrix in Invert_RtR

*******************************************************************************
Tue Feb  9 16:42:55 2021


FIT:    data read from "puntos.txt"
        format = z
        x range restricted to [0.00000 : 1.80000]
        #datapoints = 50
        residuals are weighted equally (unit weight)

function used for fitting: a*cos(w*x+c)
fitted parameters initialized with current variable values

iter      chisq       delta/lim  lambda   a             c            
   0 2.3461836832e+02   0.00e+00  1.01e+00    1.999358e+00   1.003003e-30
BREAK: Singular matrix in Invert_RtR

*******************************************************************************
Tue Feb  9 16:43:46 2021


FIT:    data read from "puntos.txt"
        format = z
        x range restricted to [0.00000 : 1.80000]
        #datapoints = 50
        residuals are weighted equally (unit weight)

function used for fitting: a*cos(w*x+c)
fitted parameters initialized with current variable values

iter      chisq       delta/lim  lambda   a             c            
   0 1.3180943471e+02   0.00e+00  1.25e+00    2.500000e+00   1.004006e-30
BREAK: Singular matrix in Invert_RtR

*******************************************************************************
Tue Feb  9 16:44:19 2021


FIT:    data read from "puntos.txt"
        format = z
        x range restricted to [0.00000 : 1.80000]
        #datapoints = 50
        residuals are weighted equally (unit weight)

function used for fitting: a*cos(w*x+c)
fitted parameters initialized with current variable values

iter      chisq       delta/lim  lambda   w            
   0 1.3180943471e+02   0.00e+00  1.06e+02    6.283185e+01
   5 4.6396095865e+01  -6.01e-01  1.06e-03    6.200366e+01

After 5 iterations the fit converged.
final sum of squares of residuals : 46.3961
rel. change during last iteration : -6.01095e-06

degrees of freedom    (FIT_NDF)                        : 49
rms of residuals      (FIT_STDFIT) = sqrt(WSSR/ndf)    : 0.973067
variance of residuals (reduced chisquare) = WSSR/ndf   : 0.946859

Final set of parameters            Asymptotic Standard Error
=======================            ==========================
w               = 62.0037          +/- 0.07991      (0.1289%)


*******************************************************************************
Tue Feb  9 16:47:42 2021


FIT:    data read from "puntos.txt"
        format = z
        x range restricted to [0.805350 : 1.06539]
        #datapoints = 7
        residuals are weighted equally (unit weight)

function used for fitting: a*cos(w*x+c)
fitted parameters initialized with current variable values

iter      chisq       delta/lim  lambda   w            
   0 4.5440769343e+01   0.00e+00  1.06e+02    6.200366e+01
   7 1.9839706151e+00  -2.63e-01  1.06e-05    6.027951e+01

After 7 iterations the fit converged.
final sum of squares of residuals : 1.98397
rel. change during last iteration : -2.63271e-06

degrees of freedom    (FIT_NDF)                        : 6
rms of residuals      (FIT_STDFIT) = sqrt(WSSR/ndf)    : 0.575032
variance of residuals (reduced chisquare) = WSSR/ndf   : 0.330662

Final set of parameters            Asymptotic Standard Error
=======================            ==========================
w               = 60.2795          +/- 0.1384       (0.2297%)


*******************************************************************************
Tue Feb  9 16:48:15 2021


FIT:    data read from "puntos.txt"
        format = z
        x range restricted to [0.545260 : 1.09140]
        #datapoints = 16
        residuals are weighted equally (unit weight)

function used for fitting: a*cos(w*x+c)
fitted parameters initialized with current variable values

iter      chisq       delta/lim  lambda   w             c            
   0 2.9852079789e+01   0.00e+00  6.36e+01    6.027951e+01   1.005010e-30
BREAK: Singular matrix in Invert_RtR

*******************************************************************************
Tue Feb  9 16:48:26 2021


FIT:    data read from "puntos.txt"
        format = z
        x range restricted to [0.545260 : 1.09140]
        #datapoints = 16
        residuals are weighted equally (unit weight)

function used for fitting: a*cos(w*x+c)
fitted parameters initialized with current variable values

iter      chisq       delta/lim  lambda   w             c             a            
   0 1.9869106049e+01   0.00e+00  5.25e+01    5.970764e+01   1.006015e-30   2.500000e+00
BREAK: Singular matrix in Invert_RtR

*******************************************************************************
Tue Feb  9 16:48:37 2021


FIT:    data read from "puntos.txt"
        format = z
        x range restricted to [0.545260 : 1.09140]
        #datapoints = 16
        residuals are weighted equally (unit weight)

function used for fitting: a*cos(w*x+c)
fitted parameters initialized with current variable values

iter      chisq       delta/lim  lambda   w             c            
   0 1.6665495356e+01   0.00e+00  4.76e+01    5.969967e+01   1.006015e-30
BREAK: Singular matrix in Invert_RtR

*******************************************************************************
Tue Feb  9 16:59:19 2021


FIT:    data read from "puntos.txt"
        format = z
        x range restricted to [0.333936 : 1.18727]
        #datapoints = 26
        residuals are weighted equally (unit weight)

function used for fitting: a*cos(w*x+c)+d
fitted parameters initialized with current variable values

iter      chisq       delta/lim  lambda   d            
   0 2.2266651246e+02   0.00e+00  1.00e+00    1.000000e+00
   3 1.6560244289e+02  -6.99e-06  1.00e-03    2.481476e+00

After 3 iterations the fit converged.
final sum of squares of residuals : 165.602
rel. change during last iteration : -6.98695e-11

degrees of freedom    (FIT_NDF)                        : 25
rms of residuals      (FIT_STDFIT) = sqrt(WSSR/ndf)    : 2.57373
variance of residuals (reduced chisquare) = WSSR/ndf   : 6.6241

Final set of parameters            Asymptotic Standard Error
=======================            ==========================
d               = 2.48148          +/- 0.5048       (20.34%)


*******************************************************************************
Tue Feb  9 16:59:37 2021


FIT:    data read from "puntos.txt"
        format = z
        x range restricted to [0.333936 : 1.18727]
        #datapoints = 26
        residuals are weighted equally (unit weight)

function used for fitting: a*cos(w*x+c)+d
fitted parameters initialized with current variable values

iter      chisq       delta/lim  lambda   d            
   0 1.6560244289e+02   0.00e+00  2.48e+00    2.481476e+00
   1 1.6560244289e+02   0.00e+00  2.48e-01    2.481476e+00

After 1 iterations the fit converged.
final sum of squares of residuals : 165.602
rel. change during last iteration : 0

degrees of freedom    (FIT_NDF)                        : 25
rms of residuals      (FIT_STDFIT) = sqrt(WSSR/ndf)    : 2.57373
variance of residuals (reduced chisquare) = WSSR/ndf   : 6.6241

Final set of parameters            Asymptotic Standard Error
=======================            ==========================
d               = 2.48148          +/- 0.5048       (20.34%)


*******************************************************************************
Tue Feb  9 17:00:27 2021


FIT:    data read from "puntos.txt"
        format = z
        x range restricted to [0.599874 : 1.14601]
        #datapoints = 17
        residuals are weighted equally (unit weight)

function used for fitting: a*cos(w*x+c)+d
fitted parameters initialized with current variable values

iter      chisq       delta/lim  lambda   c            
   0 1.0927465516e+02   0.00e+00  0.00e+00    1.007021e-30
BREAK: Singular matrix in Givens()

*******************************************************************************
Tue Feb  9 17:00:36 2021


FIT:    data read from "puntos.txt"
        format = z
        x range restricted to [0.599874 : 1.14601]
        #datapoints = 17
        residuals are weighted equally (unit weight)

function used for fitting: a*cos(w*x+c)+d
fitted parameters initialized with current variable values

iter      chisq       delta/lim  lambda   w             c            
   0 1.0927465516e+02   0.00e+00  5.02e+01    5.969967e+01   1.008028e-30
BREAK: Singular matrix in Invert_RtR

*******************************************************************************
Tue Feb  9 17:00:47 2021


FIT:    data read from "puntos.txt"
        format = z
        x range restricted to [0.599874 : 1.14601]
        #datapoints = 17
        residuals are weighted equally (unit weight)

function used for fitting: a*cos(w*x+c)+d
fitted parameters initialized with current variable values

iter      chisq       delta/lim  lambda   c            
   0 1.5597111104e+01   0.00e+00  0.00e+00    1.009036e-30
BREAK: Singular matrix in Givens()

*******************************************************************************
Tue Feb  9 17:06:34 2021


FIT:    data read from "puntos.txt"
        format = z
        x range restricted to [0.599874 : 1.14601]
        #datapoints = 17
        residuals are weighted equally (unit weight)

function used for fitting: a*cos(w*x+c)+d
fitted parameters initialized with current variable values

iter      chisq       delta/lim  lambda   c            
   0 3.9669550752e+01   0.00e+00  0.00e+00    1.010045e-30
BREAK: Singular matrix in Givens()

*******************************************************************************
Tue Feb  9 17:06:39 2021


FIT:    data read from "puntos.txt"
        format = z
        x range restricted to [0.599874 : 1.14601]
        #datapoints = 17
        residuals are weighted equally (unit weight)

function used for fitting: a*cos(w*x+c)+d
fitted parameters initialized with current variable values

iter      chisq       delta/lim  lambda   w            
   0 3.9669550752e+01   0.00e+00  6.70e+01    5.703681e+01
   5 1.5585860715e+01  -4.17e-01  6.70e+01    5.835263e+01

After 5 iterations the fit converged.
final sum of squares of residuals : 15.5859
rel. change during last iteration : -4.17102e-06

degrees of freedom    (FIT_NDF)                        : 16
rms of residuals      (FIT_STDFIT) = sqrt(WSSR/ndf)    : 0.986973
variance of residuals (reduced chisquare) = WSSR/ndf   : 0.974116

Final set of parameters            Asymptotic Standard Error
=======================            ==========================
w               = 58.3526          +/- 0.2062       (0.3533%)


*******************************************************************************
Tue Feb  9 17:06:41 2021


FIT:    data read from "puntos.txt"
        format = z
        x range restricted to [0.599874 : 1.14601]
        #datapoints = 17
        residuals are weighted equally (unit weight)

function used for fitting: a*cos(w*x+c)+d
fitted parameters initialized with current variable values

iter      chisq       delta/lim  lambda   a            
   0 1.5585860715e+01   0.00e+00  1.31e+00    1.852662e+00
   3 1.4618713778e+01  -7.06e-06  1.31e-03    1.514342e+00

After 3 iterations the fit converged.
final sum of squares of residuals : 14.6187
rel. change during last iteration : -7.05714e-11

degrees of freedom    (FIT_NDF)                        : 16
rms of residuals      (FIT_STDFIT) = sqrt(WSSR/ndf)    : 0.955861
variance of residuals (reduced chisquare) = WSSR/ndf   : 0.91367

Final set of parameters            Asymptotic Standard Error
=======================            ==========================
a               = 1.51434          +/- 0.3288       (21.71%)


*******************************************************************************
Tue Feb  9 17:06:50 2021


FIT:    data read from "puntos.txt"
        format = z
        x range restricted to [0.599874 : 1.14601]
        #datapoints = 17
        residuals are weighted equally (unit weight)

function used for fitting: a*cos(w*x+c)+d
fitted parameters initialized with current variable values

iter      chisq       delta/lim  lambda   c            
   0 1.4618713778e+01   0.00e+00  0.00e+00    1.011055e-30
BREAK: Singular matrix in Givens()

*******************************************************************************
Tue Feb  9 17:08:15 2021


FIT:    data read from "puntos.txt"
        format = z
        x range restricted to [0.599874 : 1.14601]
        #datapoints = 18
        residuals are weighted equally (unit weight)

function used for fitting: a*cos(w*x+c)+d
fitted parameters initialized with current variable values

iter      chisq       delta/lim  lambda   c            
   0 7.5856010124e+01   0.00e+00  0.00e+00    1.012066e-30
BREAK: Singular matrix in Givens()

*******************************************************************************
Tue Feb  9 17:08:18 2021


FIT:    data read from "puntos.txt"
        format = z
        x range restricted to [0.599874 : 1.14601]
        #datapoints = 18
        residuals are weighted equally (unit weight)

function used for fitting: a*cos(w*x+c)+d
fitted parameters initialized with current variable values

iter      chisq       delta/lim  lambda   d            
   0 7.5856010124e+01   0.00e+00  2.48e+00    2.481476e+00
   3 7.5200746485e+01  -7.44e-07  2.48e-03    2.672273e+00

After 3 iterations the fit converged.
final sum of squares of residuals : 75.2007
rel. change during last iteration : -7.44154e-12

degrees of freedom    (FIT_NDF)                        : 17
rms of residuals      (FIT_STDFIT) = sqrt(WSSR/ndf)    : 2.10323
variance of residuals (reduced chisquare) = WSSR/ndf   : 4.42357

Final set of parameters            Asymptotic Standard Error
=======================            ==========================
d               = 2.67227          +/- 0.4957       (18.55%)


*******************************************************************************
Tue Feb  9 17:08:20 2021


FIT:    data read from "puntos.txt"
        format = z
        x range restricted to [0.599874 : 1.14601]
        #datapoints = 18
        residuals are weighted equally (unit weight)

function used for fitting: a*cos(w*x+c)+d
fitted parameters initialized with current variable values

iter      chisq       delta/lim  lambda   a            
   0 7.5200746485e+01   0.00e+00  1.08e+00    1.514342e+00
   3 2.9050704455e+01  -1.36e-04  1.08e-03   -7.365854e-01

After 3 iterations the fit converged.
final sum of squares of residuals : 29.0507
rel. change during last iteration : -1.35669e-09

degrees of freedom    (FIT_NDF)                        : 17
rms of residuals      (FIT_STDFIT) = sqrt(WSSR/ndf)    : 1.30724
variance of residuals (reduced chisquare) = WSSR/ndf   : 1.70886

Final set of parameters            Asymptotic Standard Error
=======================            ==========================
a               = -0.736585        +/- 0.4331       (58.8%)


*******************************************************************************
Tue Feb  9 17:08:22 2021


FIT:    data read from "puntos.txt"
        format = z
        x range restricted to [0.599874 : 1.14601]
        #datapoints = 18
        residuals are weighted equally (unit weight)

function used for fitting: a*cos(w*x+c)+d
fitted parameters initialized with current variable values

iter      chisq       delta/lim  lambda   w            
   0 2.9050704455e+01   0.00e+00  2.71e+01    5.835263e+01
  14 2.2427706011e+01  -5.47e-01  2.71e+01    5.736437e+01

After 14 iterations the fit converged.
final sum of squares of residuals : 22.4277
rel. change during last iteration : -5.46807e-06

degrees of freedom    (FIT_NDF)                        : 17
rms of residuals      (FIT_STDFIT) = sqrt(WSSR/ndf)    : 1.1486
variance of residuals (reduced chisquare) = WSSR/ndf   : 1.31928

Final set of parameters            Asymptotic Standard Error
=======================            ==========================
w               = 57.3644          +/- 0.604        (1.053%)


*******************************************************************************
Tue Feb  9 17:08:31 2021


FIT:    data read from "puntos.txt"
        format = z
        x range restricted to [0.599874 : 1.14601]
        #datapoints = 18
        residuals are weighted equally (unit weight)

function used for fitting: a*cos(w*x+c)+d
fitted parameters initialized with current variable values

iter      chisq       delta/lim  lambda   w             c             a            
   0 2.2427706011e+01   0.00e+00  1.48e+01    5.736437e+01   1.013078e-30  -7.365854e-01
BREAK: Singular matrix in Invert_RtR

*******************************************************************************
Tue Feb  9 17:10:01 2021


FIT:    data read from "puntos.txt"
        format = z
        x range restricted to [0.599874 : 1.14601]
BREAK: No data to fit

*******************************************************************************
Tue Feb  9 17:10:29 2021


FIT:    data read from "puntos.txt"
        format = z
        x range restricted to [0.599874 : 1.14601]
        #datapoints = 17
        residuals are weighted equally (unit weight)

function used for fitting: a*cos(w*x+c)+d
fitted parameters initialized with current variable values

iter      chisq       delta/lim  lambda   w             c             a            
   0 4.6485486273e+01   0.00e+00  2.49e+01    5.735154e+01   1.013078e-30  -1.196739e+00
BREAK: Singular matrix in Invert_RtR

*******************************************************************************
Tue Feb  9 17:10:38 2021


FIT:    data read from "puntos.txt"
        format = z
        x range restricted to [0.599874 : 1.14601]
        #datapoints = 17
        residuals are weighted equally (unit weight)

function used for fitting: a*cos(w*x+c)+d
fitted parameters initialized with current variable values

iter      chisq       delta/lim  lambda   w             a            
   0 3.4849263484e+01   0.00e+00  6.97e+00    5.874145e+01  -2.655555e-01
   1 3.4849170106e+01  -2.68e-01  6.97e-01    5.875033e+01  -2.655574e-01

After 1 iterations the fit converged.
final sum of squares of residuals : 34.8492
rel. change during last iteration : -2.67949e-06

degrees of freedom    (FIT_NDF)                        : 15
rms of residuals      (FIT_STDFIT) = sqrt(WSSR/ndf)    : 1.52423
variance of residuals (reduced chisquare) = WSSR/ndf   : 2.32328

Final set of parameters            Asymptotic Standard Error
=======================            ==========================
w               = 58.7503          +/- 2.206        (3.755%)
a               = -0.265557        +/- 0.5304       (199.7%)

correlation matrix of the fit parameters:
                w      a      
w               1.000 
a              -0.069  1.000 


*******************************************************************************
Tue Feb  9 17:10:45 2021


FIT:    data read from "puntos.txt"
        format = z
        x range restricted to [0.599874 : 1.14601]
        #datapoints = 17
        residuals are weighted equally (unit weight)

function used for fitting: a*cos(w*x+c)+d
fitted parameters initialized with current variable values

iter      chisq       delta/lim  lambda   w             a            
   0 3.4849170106e+01   0.00e+00  6.98e+00    5.875033e+01  -2.655574e-01
   1 3.4849170106e+01   0.00e+00  6.98e+06    5.875033e+01  -2.655574e-01

After 1 iterations the fit converged.
final sum of squares of residuals : 34.8492
rel. change during last iteration : 0

degrees of freedom    (FIT_NDF)                        : 15
rms of residuals      (FIT_STDFIT) = sqrt(WSSR/ndf)    : 1.52423
variance of residuals (reduced chisquare) = WSSR/ndf   : 2.32328

Final set of parameters            Asymptotic Standard Error
=======================            ==========================
w               = 58.7503          +/- 2.206        (3.755%)
a               = -0.265557        +/- 0.5304       (199.7%)

correlation matrix of the fit parameters:
                w      a      
w               1.000 
a              -0.069  1.000 


*******************************************************************************
Tue Feb  9 17:11:04 2021


FIT:    data read from "puntos.txt"
        format = z
        x range restricted to [0.599874 : 1.14601]
        #datapoints = 17
        residuals are weighted equally (unit weight)

function used for fitting: a*cos(w*x+c)+d
fitted parameters initialized with current variable values

iter      chisq       delta/lim  lambda   a            
   0 3.4849170106e+01   0.00e+00  1.86e-01   -2.655574e-01
   1 3.4849169980e+01  -3.60e-04  1.86e-02   -2.656738e-01

After 1 iterations the fit converged.
final sum of squares of residuals : 34.8492
rel. change during last iteration : -3.60435e-09

degrees of freedom    (FIT_NDF)                        : 16
rms of residuals      (FIT_STDFIT) = sqrt(WSSR/ndf)    : 1.47583
variance of residuals (reduced chisquare) = WSSR/ndf   : 2.17807

Final set of parameters            Asymptotic Standard Error
=======================            ==========================
a               = -0.265674        +/- 0.5123       (192.8%)


*******************************************************************************
Tue Feb  9 17:11:19 2021


FIT:    data read from "puntos.txt"
        format = z
        x range restricted to [0.599874 : 1.14601]
        #datapoints = 17
        residuals are weighted equally (unit weight)

function used for fitting: a*cos(w*x+c)+d
fitted parameters initialized with current variable values

iter      chisq       delta/lim  lambda   w            
   0 3.4849169980e+01   0.00e+00  9.87e+00    5.875033e+01
   1 3.4849169980e+01   0.00e+00  9.87e+05    5.875033e+01

After 1 iterations the fit converged.
final sum of squares of residuals : 34.8492
rel. change during last iteration : 0

degrees of freedom    (FIT_NDF)                        : 16
rms of residuals      (FIT_STDFIT) = sqrt(WSSR/ndf)    : 1.47583
variance of residuals (reduced chisquare) = WSSR/ndf   : 2.17807

Final set of parameters            Asymptotic Standard Error
=======================            ==========================
w               = 58.7503          +/- 2.13         (3.626%)


*******************************************************************************
Tue Feb  9 17:11:26 2021


FIT:    data read from "puntos.txt"
        format = z
        x range restricted to [0.599874 : 1.14601]
        #datapoints = 17
        residuals are weighted equally (unit weight)

function used for fitting: a*cos(w*x+c)+d
fitted parameters initialized with current variable values

iter      chisq       delta/lim  lambda   a            
   0 3.4849169980e+01   0.00e+00  1.86e-01   -2.656738e-01
   1 3.4849169980e+01  -1.11e-06  1.86e-02   -2.656803e-01

After 1 iterations the fit converged.
final sum of squares of residuals : 34.8492
rel. change during last iteration : -1.11247e-11

degrees of freedom    (FIT_NDF)                        : 16
rms of residuals      (FIT_STDFIT) = sqrt(WSSR/ndf)    : 1.47583
variance of residuals (reduced chisquare) = WSSR/ndf   : 2.17807

Final set of parameters            Asymptotic Standard Error
=======================            ==========================
a               = -0.26568         +/- 0.5123       (192.8%)


*******************************************************************************
Tue Feb  9 17:11:37 2021


FIT:    data read from "puntos.txt"
        format = z
        x range restricted to [0.599874 : 1.14601]
        #datapoints = 17
        residuals are weighted equally (unit weight)

function used for fitting: a*cos(w*x+c)+d
fitted parameters initialized with current variable values

iter      chisq       delta/lim  lambda   c            
   0 3.4849169980e+01   0.00e+00  0.00e+00    1.013078e-30
BREAK: Singular matrix in Givens()

*******************************************************************************
Tue Feb  9 17:12:01 2021


FIT:    data read from "puntos.txt"
        format = z
        x range restricted to [0.599874 : 1.14601]
        #datapoints = 17
        residuals are weighted equally (unit weight)

function used for fitting: a*cos(w*x+c)+d
fitted parameters initialized with current variable values

iter      chisq       delta/lim  lambda   a            
   0 1.8583495604e+02   0.00e+00  2.79e+00    4.000000e+00
   3 3.4849169980e+01  -4.62e-04  2.79e-03   -2.656807e-01

After 3 iterations the fit converged.
final sum of squares of residuals : 34.8492
rel. change during last iteration : -4.62157e-09

degrees of freedom    (FIT_NDF)                        : 16
rms of residuals      (FIT_STDFIT) = sqrt(WSSR/ndf)    : 1.47583
variance of residuals (reduced chisquare) = WSSR/ndf   : 2.17807

Final set of parameters            Asymptotic Standard Error
=======================            ==========================
a               = -0.265681        +/- 0.5123       (192.8%)


*******************************************************************************
Tue Feb  9 17:12:19 2021


FIT:    data read from "puntos.txt"
        format = z
        x range restricted to [0.599874 : 1.14601]
        #datapoints = 17
        residuals are weighted equally (unit weight)

function used for fitting: a*cos(w*x+c)+d
fitted parameters initialized with current variable values

iter      chisq       delta/lim  lambda   w            
   0 3.4849169980e+01   0.00e+00  9.87e+00    5.875033e+01
   1 3.4849169980e+01   0.00e+00  9.87e+06    5.875033e+01

After 1 iterations the fit converged.
final sum of squares of residuals : 34.8492
rel. change during last iteration : 0

degrees of freedom    (FIT_NDF)                        : 16
rms of residuals      (FIT_STDFIT) = sqrt(WSSR/ndf)    : 1.47583
variance of residuals (reduced chisquare) = WSSR/ndf   : 2.17807

Final set of parameters            Asymptotic Standard Error
=======================            ==========================
w               = 58.7503          +/- 2.13         (3.626%)


*******************************************************************************
Tue Feb  9 17:13:31 2021


FIT:    data read from "puntos.txt"
        format = z
        x range restricted to [0.599874 : 1.14601]
        #datapoints = 17
        residuals are weighted equally (unit weight)

function used for fitting: a*cos(w*x+c)+d
fitted parameters initialized with current variable values

iter      chisq       delta/lim  lambda   c            
   0 5.0413691726e-01   0.00e+00  2.39e+00    1.700000e+00
   3 4.7425231985e-01  -6.65e-05  2.39e+00    1.729701e+00

After 3 iterations the fit converged.
final sum of squares of residuals : 0.474252
rel. change during last iteration : -6.64607e-10

degrees of freedom    (FIT_NDF)                        : 16
rms of residuals      (FIT_STDFIT) = sqrt(WSSR/ndf)    : 0.172165
variance of residuals (reduced chisquare) = WSSR/ndf   : 0.0296408

Final set of parameters            Asymptotic Standard Error
=======================            ==========================
c               = 1.7297           +/- 0.02972      (1.718%)


*******************************************************************************
Tue Feb  9 17:13:38 2021


FIT:    data read from "puntos.txt"
        format = z
        x range restricted to [0.599874 : 1.14601]
        #datapoints = 17
        residuals are weighted equally (unit weight)

function used for fitting: a*cos(w*x+c)+d
fitted parameters initialized with current variable values

iter      chisq       delta/lim  lambda   a            
   0 4.7425231985e-01   0.00e+00  1.42e+00    2.000000e+00
   3 4.7232016952e-01  -4.36e-07  1.42e-03    2.014979e+00

After 3 iterations the fit converged.
final sum of squares of residuals : 0.47232
rel. change during last iteration : -4.3629e-12

degrees of freedom    (FIT_NDF)                        : 16
rms of residuals      (FIT_STDFIT) = sqrt(WSSR/ndf)    : 0.171814
variance of residuals (reduced chisquare) = WSSR/ndf   : 0.02952

Final set of parameters            Asymptotic Standard Error
=======================            ==========================
a               = 2.01498          +/- 0.05855      (2.906%)


*******************************************************************************
Tue Feb  9 17:13:47 2021


FIT:    data read from "puntos.txt"
        format = z
        x range restricted to [0.599874 : 1.14601]
        #datapoints = 17
        residuals are weighted equally (unit weight)

function used for fitting: a*cos(w*x+c)+d
fitted parameters initialized with current variable values

iter      chisq       delta/lim  lambda   d            
   0 4.7232016952e-01   0.00e+00  2.67e+00    2.672273e+00
   3 9.2414717320e-03  -5.35e-03  2.67e-03    2.507228e+00

After 3 iterations the fit converged.
final sum of squares of residuals : 0.00924147
rel. change during last iteration : -5.34515e-08

degrees of freedom    (FIT_NDF)                        : 16
rms of residuals      (FIT_STDFIT) = sqrt(WSSR/ndf)    : 0.0240331
variance of residuals (reduced chisquare) = WSSR/ndf   : 0.000577592

Final set of parameters            Asymptotic Standard Error
=======================            ==========================
d               = 2.50723          +/- 0.005829     (0.2325%)


*******************************************************************************
Tue Feb  9 17:14:00 2021


FIT:    data read from "puntos.txt"
        format = z
        x range restricted to [0.599874 : 1.14601]
        #datapoints = 17
        residuals are weighted equally (unit weight)

function used for fitting: a*cos(w*x+c)+d
fitted parameters initialized with current variable values

iter      chisq       delta/lim  lambda   a             c             w             d            
   0 9.2414717320e-03   0.00e+00  1.98e+01    2.014979e+00   1.729701e+00   3.140000e+01   2.507228e+00
   5 2.1937551538e-03  -2.09e-08  1.98e+04    1.996272e+00   1.724145e+00   3.141940e+01   2.504113e+00

After 5 iterations the fit converged.
final sum of squares of residuals : 0.00219376
rel. change during last iteration : -2.08957e-13

degrees of freedom    (FIT_NDF)                        : 13
rms of residuals      (FIT_STDFIT) = sqrt(WSSR/ndf)    : 0.0129904
variance of residuals (reduced chisquare) = WSSR/ndf   : 0.00016875

Final set of parameters            Asymptotic Standard Error
=======================            ==========================
a               = 1.99627          +/- 0.004458     (0.2233%)
c               = 1.72415          +/- 0.01297      (0.7522%)
w               = 31.4194          +/- 0.01467      (0.04668%)
d               = 2.50411          +/- 0.003209     (0.1282%)

correlation matrix of the fit parameters:
                a      c      w      d      
a               1.000 
c              -0.081  1.000 
w               0.069 -0.985  1.000 
d               0.068  0.127 -0.147  1.000 


*******************************************************************************
Tue Feb  9 17:14:42 2021


FIT:    data read from "puntos.txt"
        format = z
        x range restricted to [0.599874 : 1.14601]
        #datapoints = 17
        residuals are weighted equally (unit weight)

function used for fitting: a*cos(w*x+c)+d
fitted parameters initialized with current variable values

iter      chisq       delta/lim  lambda   w            
   0 2.1937551538e-03   0.00e+00  3.90e+01    3.141940e+01
   1 2.1937551538e-03  -2.12e-08  3.90e+04    3.141940e+01

After 1 iterations the fit converged.
final sum of squares of residuals : 0.00219376
rel. change during last iteration : -2.11725e-13

degrees of freedom    (FIT_NDF)                        : 16
rms of residuals      (FIT_STDFIT) = sqrt(WSSR/ndf)    : 0.0117094
variance of residuals (reduced chisquare) = WSSR/ndf   : 0.00013711

Final set of parameters            Asymptotic Standard Error
=======================            ==========================
w               = 31.4194          +/- 0.002288     (0.007282%)


*******************************************************************************
Tue Feb  9 17:14:58 2021


FIT:    data read from "puntos.txt"
        format = z
        x range restricted to [0.599874 : 1.14601]
        #datapoints = 17
        residuals are weighted equally (unit weight)

function used for fitting: a*cos(2*pi*w*x+c)+d
fitted parameters initialized with current variable values

iter      chisq       delta/lim  lambda   w            
   0 4.6592592356e+01   0.00e+00  2.76e+02    3.141940e+01
   7 4.4760746333e+01  -6.36e-01  2.76e-05    3.138370e+01

After 7 iterations the fit converged.
final sum of squares of residuals : 44.7607
rel. change during last iteration : -6.35797e-06

degrees of freedom    (FIT_NDF)                        : 16
rms of residuals      (FIT_STDFIT) = sqrt(WSSR/ndf)    : 1.67259
variance of residuals (reduced chisquare) = WSSR/ndf   : 2.79755

Final set of parameters            Asymptotic Standard Error
=======================            ==========================
w               = 31.3837          +/- 0.04311      (0.1373%)


*******************************************************************************
Tue Feb  9 17:15:23 2021


FIT:    data read from "puntos.txt"
        format = z
        x range restricted to [0.599874 : 1.14601]
        #datapoints = 17
        residuals are weighted equally (unit weight)

function used for fitting: a*cos(2*pi*w*x+c)+d
fitted parameters initialized with current variable values

iter      chisq       delta/lim  lambda   w            
   0 2.5142455955e-03   0.00e+00  3.90e+01    5.000000e+00
   3 2.1937549772e-03  -6.13e-09  3.90e+04    5.000553e+00

After 3 iterations the fit converged.
final sum of squares of residuals : 0.00219375
rel. change during last iteration : -6.12835e-14

degrees of freedom    (FIT_NDF)                        : 16
rms of residuals      (FIT_STDFIT) = sqrt(WSSR/ndf)    : 0.0117094
variance of residuals (reduced chisquare) = WSSR/ndf   : 0.00013711

Final set of parameters            Asymptotic Standard Error
=======================            ==========================
w               = 5.00055          +/- 0.0003641    (0.007282%)
